\BOOKMARK [0][-]{chapter.1}{\376\377\000C\000l\000a\000s\000s\000\040\000I\000n\000d\000e\000x}{}% 1
\BOOKMARK [1][-]{section.1.1}{\376\377\000C\000l\000a\000s\000s\000\040\000L\000i\000s\000t}{chapter.1}% 2
\BOOKMARK [0][-]{chapter.2}{\376\377\000F\000i\000l\000e\000\040\000I\000n\000d\000e\000x}{}% 3
\BOOKMARK [1][-]{section.2.1}{\376\377\000F\000i\000l\000e\000\040\000L\000i\000s\000t}{chapter.2}% 4
\BOOKMARK [0][-]{chapter.3}{\376\377\000C\000l\000a\000s\000s\000\040\000D\000o\000c\000u\000m\000e\000n\000t\000a\000t\000i\000o\000n}{}% 5
\BOOKMARK [1][-]{section.3.1}{\376\377\000l\000n\000o\000d\000e\000\040\000S\000t\000r\000u\000c\000t\000\040\000R\000e\000f\000e\000r\000e\000n\000c\000e}{chapter.3}% 6
\BOOKMARK [2][-]{subsection.3.1.1}{\376\377\000D\000e\000t\000a\000i\000l\000e\000d\000\040\000D\000e\000s\000c\000r\000i\000p\000t\000i\000o\000n}{section.3.1}% 7
\BOOKMARK [1][-]{section.3.2}{\376\377\000s\000l\000l\000\137\000f\000i\000x\000\040\000S\000t\000r\000u\000c\000t\000\040\000R\000e\000f\000e\000r\000e\000n\000c\000e}{chapter.3}% 8
\BOOKMARK [1][-]{section.3.3}{\376\377\000s\000l\000l\000i\000s\000t\000\040\000S\000t\000r\000u\000c\000t\000\040\000R\000e\000f\000e\000r\000e\000n\000c\000e}{chapter.3}% 9
\BOOKMARK [2][-]{subsection.3.3.1}{\376\377\000D\000e\000t\000a\000i\000l\000e\000d\000\040\000D\000e\000s\000c\000r\000i\000p\000t\000i\000o\000n}{section.3.3}% 10
\BOOKMARK [0][-]{chapter.4}{\376\377\000F\000i\000l\000e\000\040\000D\000o\000c\000u\000m\000e\000n\000t\000a\000t\000i\000o\000n}{}% 11
\BOOKMARK [1][-]{section.4.1}{\376\377\000i\000n\000c\000l\000u\000d\000e\000/\000s\000l\000l\000i\000s\000t\000.\000h\000\040\000F\000i\000l\000e\000\040\000R\000e\000f\000e\000r\000e\000n\000c\000e}{chapter.4}% 12
\BOOKMARK [2][-]{subsection.4.1.1}{\376\377\000D\000e\000t\000a\000i\000l\000e\000d\000\040\000D\000e\000s\000c\000r\000i\000p\000t\000i\000o\000n}{section.4.1}% 13
\BOOKMARK [2][-]{subsection.4.1.2}{\376\377\000F\000u\000n\000c\000t\000i\000o\000n\000\040\000D\000o\000c\000u\000m\000e\000n\000t\000a\000t\000i\000o\000n}{section.4.1}% 14
\BOOKMARK [3][-]{subsubsection.4.1.2.1}{\376\377\000s\000l\000l\000i\000s\000t\000\137\000c\000r\000e\000a\000t\000e}{subsection.4.1.2}% 15
\BOOKMARK [3][-]{subsubsection.4.1.2.2}{\376\377\000s\000l\000l\000i\000s\000t\000\137\000d\000e\000s\000t\000r\000o\000y}{subsection.4.1.2}% 16
\BOOKMARK [3][-]{subsubsection.4.1.2.3}{\376\377\000s\000l\000l\000i\000s\000t\000\137\000e\000x\000t\000r\000a\000c\000t\000\137\000a\000f\000t\000e\000r}{subsection.4.1.2}% 17
\BOOKMARK [3][-]{subsubsection.4.1.2.4}{\376\377\000s\000l\000l\000i\000s\000t\000\137\000i\000n\000s\000e\000r\000t\000\137\000a\000f\000t\000e\000r}{subsection.4.1.2}% 18
\BOOKMARK [3][-]{subsubsection.4.1.2.5}{\376\377\000s\000l\000l\000i\000s\000t\000\137\000p\000o\000p\000\137\000b\000a\000c\000k}{subsection.4.1.2}% 19
\BOOKMARK [3][-]{subsubsection.4.1.2.6}{\376\377\000s\000l\000l\000i\000s\000t\000\137\000p\000o\000p\000\137\000f\000r\000o\000n\000t}{subsection.4.1.2}% 20
\BOOKMARK [3][-]{subsubsection.4.1.2.7}{\376\377\000s\000l\000l\000i\000s\000t\000\137\000p\000u\000s\000h\000\137\000b\000a\000c\000k}{subsection.4.1.2}% 21
\BOOKMARK [3][-]{subsubsection.4.1.2.8}{\376\377\000s\000l\000l\000i\000s\000t\000\137\000p\000u\000s\000h\000\137\000f\000r\000o\000n\000t}{subsection.4.1.2}% 22
\BOOKMARK [3][-]{subsubsection.4.1.2.9}{\376\377\000s\000l\000l\000i\000s\000t\000\137\000r\000e\000a\000d\000\137\000i\000n\000d\000e\000x}{subsection.4.1.2}% 23
\BOOKMARK [3][-]{subsubsection.4.1.2.10}{\376\377\000s\000l\000l\000i\000s\000t\000\137\000s\000t\000e\000p}{subsection.4.1.2}% 24
